<?xml version="1.0" encoding="UTF-8"?>
<testng-results ignored="0" total="1" passed="1" failed="0" skipped="0">
  <reporter-output>
  </reporter-output>
  <suite started-at="2024-09-12T20:26:04 IST" name="Suite" finished-at="2024-09-12T20:26:04 IST" duration-ms="46">
    <groups>
    </groups>
    <test started-at="2024-09-12T20:26:04 IST" name="Test" finished-at="2024-09-12T20:26:04 IST" duration-ms="46">
      <class name="Execution01.CodeExceute">
        <test-method signature="test()[pri:0, instance:Execution01.CodeExceute@35ef1869]" started-at="2024-09-12T20:26:04 IST" name="test" finished-at="2024-09-12T20:26:04 IST" duration-ms="8" status="PASS">
          <reporter-output>
          </reporter-output>
        </test-method> <!-- test -->
      </class> <!-- Execution01.CodeExceute -->
    </test> <!-- Test -->
  </suite> <!-- Suite -->
</testng-results>
