<?xml version="1.0" encoding="UTF-8"?>
<testng-results ignored="0" total="1" passed="1" failed="0" skipped="0">
  <reporter-output>
  </reporter-output>
  <suite started-at="2024-09-12T20:39:58 IST" name="Default suite" finished-at="2024-09-12T20:39:58 IST" duration-ms="64">
    <groups>
    </groups>
    <test started-at="2024-09-12T20:39:58 IST" name="Default test" finished-at="2024-09-12T20:39:58 IST" duration-ms="64">
      <class name="Execution01.CodeExceute">
        <test-method signature="test()[pri:0, instance:Execution01.CodeExceute@5824a83d]" started-at="2024-09-12T20:39:58 IST" name="test" finished-at="2024-09-12T20:39:58 IST" duration-ms="10" status="PASS">
          <reporter-output>
          </reporter-output>
        </test-method> <!-- test -->
      </class> <!-- Execution01.CodeExceute -->
    </test> <!-- Default test -->
  </suite> <!-- Default suite -->
</testng-results>
